{"/home/andreza/www/jest-test-supertest_original/src/app.ts": {"path":"/home/andreza/www/jest-test-supertest_original/src/app.ts","statementMap":{"0":{"start":{"line":7,"column":12},"end":{"line":7,"column":21}},"1":{"start":{"line":9,"column":0},"end":{"line":9,"column":24}},"2":{"start":{"line":11,"column":0},"end":{"line":11,"column":16}},"3":{"start":{"line":14,"column":0},"end":{"line":26,"column":2}},"4":{"start":{"line":16,"column":4},"end":{"line":20,"column":5}},"5":{"start":{"line":17,"column":6},"end":{"line":19,"column":9}},"6":{"start":{"line":21,"column":4},"end":{"line":24,"column":7}}},"fnMap":{"0":{"name":"(anonymous_0)","decl":{"start":{"line":15,"column":2},"end":{"line":15,"column":3}},"loc":{"start":{"line":15,"column":76},"end":{"line":25,"column":3}},"line":15}},"branchMap":{"0":{"loc":{"start":{"line":16,"column":4},"end":{"line":20,"column":5}},"type":"if","locations":[{"start":{"line":16,"column":4},"end":{"line":20,"column":5}},{"start":{},"end":{}}],"line":16}},"s":{"0":1,"1":1,"2":1,"3":1,"4":0,"5":0,"6":0},"f":{"0":0},"b":{"0":[0,0]},"_coverageSchema":"1a1c01bbd47fc00a2c39e90264f33305004495a9","hash":"7b86a59343335c5b0d4febad6d805140fdcae0ea"}
,"/home/andreza/www/jest-test-supertest_original/src/database/client.ts": {"path":"/home/andreza/www/jest-test-supertest_original/src/database/client.ts","statementMap":{"0":{"start":{"line":2,"column":15},"end":{"line":2,"column":33}}},"fnMap":{},"branchMap":{},"s":{"0":1},"f":{},"b":{},"_coverageSchema":"1a1c01bbd47fc00a2c39e90264f33305004495a9","hash":"bbfabf8043bbef8228d06009b2cb688ba703f89d"}
,"/home/andreza/www/jest-test-supertest_original/src/entities/User.js": {"path":"/home/andreza/www/jest-test-supertest_original/src/entities/User.js","statementMap":{"0":{"start":{"line":2,"column":0},"end":{"line":2,"column":62}},"1":{"start":{"line":3,"column":0},"end":{"line":3,"column":22}},"2":{"start":{"line":6,"column":8},"end":{"line":10,"column":11}},"3":{"start":{"line":13,"column":21},"end":{"line":13,"column":56}},"4":{"start":{"line":14,"column":8},"end":{"line":14,"column":20}},"5":{"start":{"line":17,"column":0},"end":{"line":17,"column":20}}},"fnMap":{"0":{"name":"(anonymous_0)","decl":{"start":{"line":5,"column":4},"end":{"line":5,"column":5}},"loc":{"start":{"line":5,"column":43},"end":{"line":11,"column":5}},"line":5},"1":{"name":"(anonymous_1)","decl":{"start":{"line":12,"column":4},"end":{"line":12,"column":5}},"loc":{"start":{"line":12,"column":45},"end":{"line":15,"column":5}},"line":12}},"branchMap":{},"s":{"0":2,"1":2,"2":2,"3":2,"4":2,"5":2},"f":{"0":2,"1":2},"b":{},"_coverageSchema":"1a1c01bbd47fc00a2c39e90264f33305004495a9","hash":"1522ae5efe17985323b0e36d01bf6b6020787b98"}
,"/home/andreza/www/jest-test-supertest_original/src/modules/createUser/CreateUserController.ts": {"path":"/home/andreza/www/jest-test-supertest_original/src/modules/createUser/CreateUserController.ts","statementMap":{"0":{"start":{"line":9,"column":38},"end":{"line":9,"column":50}},"1":{"start":{"line":11,"column":17},"end":{"line":11,"column":73}},"2":{"start":{"line":13,"column":4},"end":{"line":13,"column":31}}},"fnMap":{"0":{"name":"(anonymous_0)","decl":{"start":{"line":5,"column":2},"end":{"line":5,"column":3}},"loc":{"start":{"line":5,"column":53},"end":{"line":5,"column":55}},"line":5},"1":{"name":"(anonymous_1)","decl":{"start":{"line":8,"column":2},"end":{"line":8,"column":3}},"loc":{"start":{"line":8,"column":53},"end":{"line":14,"column":3}},"line":8}},"branchMap":{},"s":{"0":0,"1":0,"2":0},"f":{"0":0,"1":0},"b":{},"_coverageSchema":"1a1c01bbd47fc00a2c39e90264f33305004495a9","hash":"f3ad61f0eaa05d81a1f4861ff681c7ba20eae17b"}
,"/home/andreza/www/jest-test-supertest_original/src/modules/createUser/CreateUserFactory.ts": {"path":"/home/andreza/www/jest-test-supertest_original/src/modules/createUser/CreateUserFactory.ts","statementMap":{"0":{"start":{"line":6,"column":33},"end":{"line":16,"column":1}},"1":{"start":{"line":9,"column":26},"end":{"line":9,"column":53}},"2":{"start":{"line":11,"column":21},"end":{"line":11,"column":59}},"3":{"start":{"line":13,"column":31},"end":{"line":13,"column":67}},"4":{"start":{"line":15,"column":2},"end":{"line":15,"column":30}}},"fnMap":{"0":{"name":"(anonymous_0)","decl":{"start":{"line":6,"column":33},"end":{"line":6,"column":34}},"loc":{"start":{"line":6,"column":39},"end":{"line":16,"column":1}},"line":6}},"branchMap":{},"s":{"0":1,"1":0,"2":0,"3":0,"4":0},"f":{"0":0},"b":{},"_coverageSchema":"1a1c01bbd47fc00a2c39e90264f33305004495a9","hash":"81088540f73d43b834cb6c90f366233c4a0cde50"}
,"/home/andreza/www/jest-test-supertest_original/src/modules/createUser/CreateUserService.ts": {"path":"/home/andreza/www/jest-test-supertest_original/src/modules/createUser/CreateUserService.ts","statementMap":{"0":{"start":{"line":19,"column":30},"end":{"line":19,"column":73}},"1":{"start":{"line":21,"column":4},"end":{"line":23,"column":5}},"2":{"start":{"line":22,"column":6},"end":{"line":22,"column":46}},"3":{"start":{"line":26,"column":23},"end":{"line":26,"column":61}},"4":{"start":{"line":27,"column":17},"end":{"line":27,"column":62}},"5":{"start":{"line":28,"column":4},"end":{"line":28,"column":16}}},"fnMap":{"0":{"name":"(anonymous_0)","decl":{"start":{"line":16,"column":2},"end":{"line":16,"column":3}},"loc":{"start":{"line":16,"column":57},"end":{"line":16,"column":59}},"line":16},"1":{"name":"(anonymous_1)","decl":{"start":{"line":18,"column":2},"end":{"line":18,"column":3}},"loc":{"start":{"line":18,"column":57},"end":{"line":29,"column":3}},"line":18}},"branchMap":{"0":{"loc":{"start":{"line":21,"column":4},"end":{"line":23,"column":5}},"type":"if","locations":[{"start":{"line":21,"column":4},"end":{"line":23,"column":5}},{"start":{},"end":{}}],"line":21}},"s":{"0":3,"1":3,"2":1,"3":2,"4":2,"5":2},"f":{"0":1,"1":3},"b":{"0":[1,2]},"_coverageSchema":"1a1c01bbd47fc00a2c39e90264f33305004495a9","hash":"3a7855ed593e24a286e4a29bf3f1b253162f9452"}
,"/home/andreza/www/jest-test-supertest_original/src/repositories/in-memory/UsersRepositoryInMemory.ts": {"path":"/home/andreza/www/jest-test-supertest_original/src/repositories/in-memory/UsersRepositoryInMemory.ts","statementMap":{"0":{"start":{"line":6,"column":26},"end":{"line":6,"column":28}},"1":{"start":{"line":9,"column":4},"end":{"line":12,"column":7}},"2":{"start":{"line":14,"column":4},"end":{"line":14,"column":26}},"3":{"start":{"line":15,"column":4},"end":{"line":15,"column":16}},"4":{"start":{"line":19,"column":17},"end":{"line":19,"column":70}},"5":{"start":{"line":19,"column":43},"end":{"line":19,"column":69}},"6":{"start":{"line":20,"column":4},"end":{"line":20,"column":16}}},"fnMap":{"0":{"name":"(anonymous_0)","decl":{"start":{"line":8,"column":2},"end":{"line":8,"column":3}},"loc":{"start":{"line":8,"column":42},"end":{"line":16,"column":3}},"line":8},"1":{"name":"(anonymous_1)","decl":{"start":{"line":18,"column":2},"end":{"line":18,"column":3}},"loc":{"start":{"line":18,"column":51},"end":{"line":21,"column":3}},"line":18},"2":{"name":"(anonymous_2)","decl":{"start":{"line":19,"column":33},"end":{"line":19,"column":34}},"loc":{"start":{"line":19,"column":43},"end":{"line":19,"column":69}},"line":19}},"branchMap":{},"s":{"0":1,"1":2,"2":2,"3":2,"4":3,"5":3,"6":3},"f":{"0":2,"1":3,"2":3},"b":{},"_coverageSchema":"1a1c01bbd47fc00a2c39e90264f33305004495a9","hash":"ec4df9e33bcca2c1a089ad2af6d9e87e2a52f141"}
,"/home/andreza/www/jest-test-supertest_original/src/repositories/prisma/PrismaUsersRepository.ts": {"path":"/home/andreza/www/jest-test-supertest_original/src/repositories/prisma/PrismaUsersRepository.ts","statementMap":{"0":{"start":{"line":7,"column":17},"end":{"line":11,"column":6}},"1":{"start":{"line":13,"column":4},"end":{"line":13,"column":18}},"2":{"start":{"line":17,"column":17},"end":{"line":23,"column":6}},"3":{"start":{"line":25,"column":4},"end":{"line":25,"column":16}}},"fnMap":{"0":{"name":"(anonymous_0)","decl":{"start":{"line":6,"column":2},"end":{"line":6,"column":3}},"loc":{"start":{"line":6,"column":51},"end":{"line":14,"column":3}},"line":6},"1":{"name":"(anonymous_1)","decl":{"start":{"line":16,"column":2},"end":{"line":16,"column":3}},"loc":{"start":{"line":16,"column":63},"end":{"line":26,"column":3}},"line":16}},"branchMap":{},"s":{"0":0,"1":0,"2":0,"3":0},"f":{"0":0,"1":0},"b":{},"_coverageSchema":"1a1c01bbd47fc00a2c39e90264f33305004495a9","hash":"7d714a4ffdf85ddd5cf577180fab8b8aeb080fed"}
,"/home/andreza/www/jest-test-supertest_original/src/routes/routes.ts": {"path":"/home/andreza/www/jest-test-supertest_original/src/routes/routes.ts","statementMap":{"0":{"start":{"line":4,"column":15},"end":{"line":4,"column":23}},"1":{"start":{"line":7,"column":0},"end":{"line":9,"column":2}},"2":{"start":{"line":8,"column":2},"end":{"line":8,"column":47}}},"fnMap":{"0":{"name":"(anonymous_0)","decl":{"start":{"line":7,"column":22},"end":{"line":7,"column":23}},"loc":{"start":{"line":8,"column":2},"end":{"line":8,"column":47}},"line":8}},"branchMap":{},"s":{"0":1,"1":1,"2":0},"f":{"0":0},"b":{},"_coverageSchema":"1a1c01bbd47fc00a2c39e90264f33305004495a9","hash":"1a54b58fed175a7be3a1901eff9d9dd905c4182d"}
}
